0 info it worked if it ends with ok
1 verbose cli [ '/usr/local/bin/node', '/usr/local/bin/npm', 'run', 'test' ]
2 info using npm@2.14.4
3 info using node@v4.1.1
4 verbose run-script [ 'pretest', 'test', 'posttest' ]
5 info pretest test-app@0.0.1
6 verbose unsafe-perm in lifecycle true
7 info test test-app@0.0.1
8 verbose unsafe-perm in lifecycle true
9 info test-app@0.0.1 Failed to exec test script
10 verbose stack Error: test-app@0.0.1 test: `./node_modules/jasmine/bin/jasmine.js`
10 verbose stack Exit status 1
10 verbose stack     at EventEmitter.<anonymous> (/usr/local/lib/node_modules/npm/lib/utils/lifecycle.js:214:16)
10 verbose stack     at emitTwo (events.js:87:13)
10 verbose stack     at EventEmitter.emit (events.js:172:7)
10 verbose stack     at ChildProcess.<anonymous> (/usr/local/lib/node_modules/npm/lib/utils/spawn.js:24:14)
10 verbose stack     at emitTwo (events.js:87:13)
10 verbose stack     at ChildProcess.emit (events.js:172:7)
10 verbose stack     at maybeClose (internal/child_process.js:817:16)
10 verbose stack     at Process.ChildProcess._handle.onexit (internal/child_process.js:211:5)
11 verbose pkgid test-app@0.0.1
12 verbose cwd /Users/dan/Projects/counter
13 error Darwin 15.0.0
14 error argv "/usr/local/bin/node" "/usr/local/bin/npm" "run" "test"
15 error node v4.1.1
16 error npm  v2.14.4
17 error code ELIFECYCLE
18 error test-app@0.0.1 test: `./node_modules/jasmine/bin/jasmine.js`
18 error Exit status 1
19 error Failed at the test-app@0.0.1 test script './node_modules/jasmine/bin/jasmine.js'.
19 error This is most likely a problem with the test-app package,
19 error not with npm itself.
19 error Tell the author that this fails on your system:
19 error     ./node_modules/jasmine/bin/jasmine.js
19 error You can get their info via:
19 error     npm owner ls test-app
19 error There is likely additional logging output above.
20 verbose exit [ 1, true ]
